<?xml version="1.0" encoding="utf-8" standalone="no"?>
<!--This file represents the results of running a test suite-->
<test-results name="C:\Users\Deepti\Source\Repos\GoogleSearchProject\GoogleSearchProject\bin\Debug\GoogleSearchProject.dll" total="3" errors="0" failures="0" not-run="0" inconclusive="0" ignored="0" skipped="0" invalid="0" date="2018-05-18" time="00:15:28">
  <environment nunit-version="3.5.0.0" clr-version="4.0.30319.42000" os-version="Microsoft Windows NT 10.0.16299.0" platform="Win32NT" cwd="C:\Users\Deepti\Source\Repos\GoogleSearchProject" machine-name="DESKTOP-RVFPVMN" user="Deepti" user-domain="DESKTOP-RVFPVMN" />
  <culture-info current-culture="en-IN" current-uiculture="en-US" />
  <test-suite type="Assembly" name="C:\Users\Deepti\Source\Repos\GoogleSearchProject\GoogleSearchProject\bin\Debug\GoogleSearchProject.dll" executed="True" result="Success" success="True" time="62.864" asserts="0">
    <properties>
      <property name="_PID" value="21500" />
      <property name="_APPDOMAIN" value="domain-" />
    </properties>
    <results>
      <test-suite type="TestSuite" name="GoogleSearchProject" executed="True" result="Success" success="True" time="62.838" asserts="0">
        <results>
          <test-suite type="TestSuite" name="Feature" executed="True" result="Success" success="True" time="62.837" asserts="0">
            <results>
              <test-suite type="TestFixture" name="GoogleSearchFeature" description="GoogleSearch" executed="True" result="Success" success="True" time="62.833" asserts="0">
                <categories>
                  <category name="Search" />
                  <category name="Functionality" />
                </categories>
                <properties>
                  <property name="Description" value="GoogleSearch" />
                </properties>
                <results>
                  <test-case name="GoogleSearchProject.Feature.GoogleSearchFeature.CountOfLinksDisplayedAfterSearchingAvivaInGoogle" description="Count of links displayed after searching Aviva in Google" executed="True" result="Success" success="True" time="21.386" asserts="0">
                    <properties>
                      <property name="Description" value="Count of links displayed after searching Aviva in Google" />
                    </properties>
                  </test-case>
                  <test-suite type="ParameterizedTest" name="CountOfLinksForSearchingOtherThanAvivaInGoogle" description="Count of links for searching other than Aviva in Google" executed="True" result="Success" success="True" time="40.953" asserts="0">
                    <properties>
                      <property name="Description" value="Count of links for searching other than Aviva in Google" />
                    </properties>
                    <results>
                      <test-case name="GoogleSearchProject.Feature.GoogleSearchFeature.CountOfLinksForSearchingOtherThanAvivaInGoogle(&quot;Aivva1&quot;,null)" executed="True" result="Success" success="True" time="20.574" asserts="0" />
                      <test-case name="GoogleSearchProject.Feature.GoogleSearchFeature.CountOfLinksForSearchingOtherThanAvivaInGoogle(&quot;abva&quot;,null)" executed="True" result="Success" success="True" time="20.076" asserts="0" />
                    </results>
                  </test-suite>
                </results>
              </test-suite>
            </results>
          </test-suite>
        </results>
      </test-suite>
    </results>
  </test-suite>
</test-results>